<?xml version="1.0" encoding="UTF-8"?>
<!-- Generated by org.testng.reporters.JUnitXMLReporter -->
<testsuite hostname="mgs" name="Command line test" tests="1" failures="0" timestamp="13 Jan 2016 00:14:45 GMT" time="0.889" errors="0">
  <testcase name="@BeforeMethod beforeMethod" time="0.0" classname="test.java.NewTest">
    <failure type="java.io.FileNotFoundException" message="D:/ToolsQA Projects/trunk/OnlineStore/src/testData/TestData.xls (No such file or directory)">
      <![CDATA[java.io.FileNotFoundException: D:/ToolsQA Projects/trunk/OnlineStore/src/testData/TestData.xls (No such file or directory)
	at java.io.FileInputStream.open0(Native Method)
	at java.io.FileInputStream.open(FileInputStream.java:195)
	at java.io.FileInputStream.<init>(FileInputStream.java:138)
	at java.io.FileInputStream.<init>(FileInputStream.java:93)
	at utility.ExcelUtils.setExcelFile(ExcelUtils.java:19)
	at test.java.NewTest.beforeMethod(NewTest.java:47)
... Removed 35 stack frames]]>
    </failure>
  </testcase> <!-- @BeforeMethod beforeMethod -->
  <testcase name="@AfterMethod afterMethod" time="0.0" classname="test.java.NewTest">
    <skipped/>
  </testcase> <!-- @AfterMethod afterMethod -->
  <testcase name="main" time="0.004" classname="test.java.NewTest">
    <skipped/>
  </testcase> <!-- main -->
</testsuite> <!-- Command line test -->
