<?xml version="1.0" encoding="UTF-8" ?>
<testsuite tests="3" failures="1" name="test.java.NewTest" time="2.045" errors="0" skipped="2">
  <properties>
[...]
</properties>
  <testcase classname="test.java.NewTest" name="beforeMethod" time="2.027">
    <failure message="D:/ToolsQA Projects/trunk/OnlineStore/src/testData/TestData.xls (No such file or directory)" type="java.io.FileNotFoundException">java.io.FileNotFoundException: D:/ToolsQA Projects/trunk/OnlineStore/src/testData/TestData.xls (No such file or directory)
	at java.io.FileInputStream.open0(Native Method)
	at java.io.FileInputStream.open(FileInputStream.java:195)
	at java.io.FileInputStream.&lt;init&gt;(FileInputStream.java:138)
	at java.io.FileInputStream.&lt;init&gt;(FileInputStream.java:93)
	at utility.ExcelUtils.setExcelFile(ExcelUtils.java:19)
	at test.java.NewTest.beforeMethod(NewTest.java:47)
</failure>
    <system-out>Configuring TestNG with: org.apache.maven.surefire.testng.conf.TestNG652Configurator@10e2030
</system-out>
  </testcase>
  <testcase classname="test.java.NewTest" name="main" time="0.007">
    <skipped/>
  </testcase>
  <testcase classname="test.java.NewTest" name="afterMethod" time="0.011">
    <skipped/>
  </testcase>
</testsuite>